2026-02-05 00:58:36,171 WARNING:  * Debugger is active!
2026-02-05 00:58:36,179 INFO:  * Debugger PIN: 521-500-209
2026-02-05 00:59:28,788 INFO:  * Detected change in 'C:\\Users\\sudha\\cloud\\2_python_project\\nd064_course_1\\exercises\\python-helloworld\\app.py', reloading
2026-02-05 00:59:29,143 WARNING:  * Debugger is active!
2026-02-05 00:59:29,159 INFO:  * Debugger PIN: 521-500-209
2026-02-05 00:59:46,690 INFO: 127.0.0.1 - - [05/Feb/2026 00:59:46] "GET /status HTTP/1.1" 200 -
2026-02-05 01:04:54,343 INFO: 127.0.0.1 - - [05/Feb/2026 01:04:54] "GET /metrics HTTP/1.1" 200 -
2026-02-05 01:05:21,033 INFO:  * Detected change in 'C:\\Users\\sudha\\cloud\\2_python_project\\nd064_course_1\\exercises\\python-helloworld\\app.py', reloading
2026-02-05 01:05:21,452 WARNING:  * Debugger is active!
2026-02-05 01:05:21,460 INFO:  * Debugger PIN: 521-500-209
2026-02-05 01:05:24,503 INFO:  * Detected change in 'C:\\Users\\sudha\\cloud\\2_python_project\\nd064_course_1\\exercises\\python-helloworld\\app.py', reloading
2026-02-05 01:05:24,974 WARNING:  * Debugger is active!
2026-02-05 01:05:24,987 INFO:  * Debugger PIN: 521-500-209
2026-02-05 01:05:26,009 INFO:  * Detected change in 'C:\\Users\\sudha\\cloud\\2_python_project\\nd064_course_1\\exercises\\python-helloworld\\app.py', reloading
2026-02-05 01:05:26,462 WARNING:  * Debugger is active!
2026-02-05 01:05:26,462 INFO:  * Debugger PIN: 521-500-209
2026-02-05 01:05:27,498 INFO:  * Detected change in 'C:\\Users\\sudha\\cloud\\2_python_project\\nd064_course_1\\exercises\\python-helloworld\\app.py', reloading
2026-02-05 01:05:27,928 WARNING:  * Debugger is active!
2026-02-05 01:05:27,936 INFO:  * Debugger PIN: 521-500-209
2026-02-05 01:05:32,007 INFO:  * Detected change in 'C:\\Users\\sudha\\cloud\\2_python_project\\nd064_course_1\\exercises\\python-helloworld\\app.py', reloading
2026-02-05 01:05:32,418 WARNING:  * Debugger is active!
2026-02-05 01:05:32,418 INFO:  * Debugger PIN: 521-500-209
2026-02-05 01:05:42,519 INFO:  * Detected change in 'C:\\Users\\sudha\\cloud\\2_python_project\\nd064_course_1\\exercises\\python-helloworld\\app.py', reloading
2026-02-05 01:05:42,889 WARNING:  * Debugger is active!
2026-02-05 01:05:42,905 INFO:  * Debugger PIN: 521-500-209
2026-02-05 01:05:45,962 INFO:  * Detected change in 'C:\\Users\\sudha\\cloud\\2_python_project\\nd064_course_1\\exercises\\python-helloworld\\app.py', reloading
2026-02-05 01:05:46,330 WARNING:  * Debugger is active!
2026-02-05 01:05:46,343 INFO:  * Debugger PIN: 521-500-209
2026-02-05 01:05:51,391 INFO:  * Detected change in 'C:\\Users\\sudha\\cloud\\2_python_project\\nd064_course_1\\exercises\\python-helloworld\\app.py', reloading
2026-02-05 01:05:51,807 WARNING:  * Debugger is active!
2026-02-05 01:05:51,809 INFO:  * Debugger PIN: 521-500-209
2026-02-05 01:05:55,868 INFO:  * Detected change in 'C:\\Users\\sudha\\cloud\\2_python_project\\nd064_course_1\\exercises\\python-helloworld\\app.py', reloading
2026-02-05 01:05:56,312 WARNING:  * Debugger is active!
2026-02-05 01:05:56,328 INFO:  * Debugger PIN: 521-500-209
2026-02-05 01:06:09,934 INFO: Metrics Successful
2026-02-05 01:06:09,943 INFO: 127.0.0.1 - - [05/Feb/2026 01:06:09] "GET /metrics HTTP/1.1" 200 -
2026-02-05 01:06:20,597 INFO: 127.0.0.1 - - [05/Feb/2026 01:06:20] "[33mGET /metric HTTP/1.1[0m" 404 -
2026-02-05 01:07:04,212 INFO: Metrics Successful
2026-02-05 01:07:04,212 INFO: 127.0.0.1 - - [05/Feb/2026 01:07:04] "GET /metrics HTTP/1.1" 200 -
2026-02-05 01:17:07,116 INFO: Status successful
2026-02-05 01:17:07,116 INFO: 127.0.0.1 - - [05/Feb/2026 01:17:07] "GET /status HTTP/1.1" 200 -
